# JRE version: OpenJDK Runtime Environment (8.0_152-b02) (build 1.8.0_152-release-1024-b02)
# Java VM: OpenJDK 64-Bit Server VM (25.152-b02 mixed mode windows-amd64 compressed oops)
Heap:
 PSYoungGen      total 355840K, used 216659K [0x00000000e0000000, 0x00000000f8080000, 0x0000000100000000)
  eden space 334336K, 64% used [0x00000000e0000000,0x00000000ed394d70,0x00000000f4680000)
  from space 21504K, 0% used [0x00000000f6b80000,0x00000000f6b80000,0x00000000f8080000)
  to   space 26624K, 0% used [0x00000000f4c80000,0x00000000f4c80000,0x00000000f6680000)
 ParOldGen       total 164352K, used 34825K [0x00000000a0000000, 0x00000000aa080000, 0x00000000e0000000)
  object space 164352K, 21% used [0x00000000a0000000,0x00000000a2202428,0x00000000aa080000)
 Metaspace       used 60503K, capacity 62158K, committed 62464K, reserved 1103872K
  class space    used 7990K, capacity 8396K, committed 8448K, reserved 1048576K
GC Heap History (10 events):
Event: 44.091 GC heap before
{Heap before GC invocations=7 (full 2):
 PSYoungGen      total 204800K, used 8179K [0x00000000e0000000, 0x00000000efe00000, 0x0000000100000000)
  eden space 196608K, 0% used [0x00000000e0000000,0x00000000e0000000,0x00000000ec000000)
  from space 8192K, 99% used [0x00000000ec000000,0x00000000ec7fcec0,0x00000000ec800000)
  to   space 13824K, 0% used [0x00000000ef080000,0x00000000ef080000,0x00000000efe00000)
 ParOldGen       total 82432K, used 15806K [0x00000000a0000000, 0x00000000a5080000, 0x00000000e0000000)
  object space 82432K, 19% used [0x00000000a0000000,0x00000000a0f6f8e8,0x00000000a5080000)
 Metaspace       used 34703K, capacity 35294K, committed 35416K, reserved 1079296K
  class space    used 4791K, capacity 5005K, committed 5120K, reserved 1048576K
Event: 44.205 GC heap after
Heap after GC invocations=7 (full 2):
 PSYoungGen      total 204800K, used 0K [0x00000000e0000000, 0x00000000efe00000, 0x0000000100000000)
  eden space 196608K, 0% used [0x00000000e0000000,0x00000000e0000000,0x00000000ec000000)
  from space 8192K, 0% used [0x00000000ec000000,0x00000000ec000000,0x00000000ec800000)
  to   space 13824K, 0% used [0x00000000ef080000,0x00000000ef080000,0x00000000efe00000)
 ParOldGen       total 116224K, used 17625K [0x00000000a0000000, 0x00000000a7180000, 0x00000000e0000000)
  object space 116224K, 15% used [0x00000000a0000000,0x00000000a11365e8,0x00000000a7180000)
 Metaspace       used 34703K, capacity 35294K, committed 35416K, reserved 1079296K
  class space    used 4791K, capacity 5005K, committed 5120K, reserved 1048576K
}
Event: 60.427 GC heap before
{Heap before GC invocations=8 (full 2):
 PSYoungGen      total 204800K, used 196608K [0x00000000e0000000, 0x00000000efe00000, 0x0000000100000000)
  eden space 196608K, 100% used [0x00000000e0000000,0x00000000ec000000,0x00000000ec000000)
  from space 8192K, 0% used [0x00000000ec000000,0x00000000ec000000,0x00000000ec800000)
  to   space 13824K, 0% used [0x00000000ef080000,0x00000000ef080000,0x00000000efe00000)
 ParOldGen       total 116224K, used 17625K [0x00000000a0000000, 0x00000000a7180000, 0x00000000e0000000)
  object space 116224K, 15% used [0x00000000a0000000,0x00000000a11365e8,0x00000000a7180000)
 Metaspace       used 46526K, capacity 47454K, committed 47616K, reserved 1089536K
  class space    used 6308K, capacity 6592K, committed 6656K, reserved 1048576K
Event: 60.490 GC heap after
Heap after GC invocations=8 (full 2):
 PSYoungGen      total 242176K, used 13800K [0x00000000e0000000, 0x00000000f5080000, 0x0000000100000000)
  eden space 228352K, 0% used [0x00000000e0000000,0x00000000e0000000,0x00000000edf00000)
  from space 13824K, 99% used [0x00000000ef080000,0x00000000efdfa1c8,0x00000000efe00000)
  to   space 17920K, 0% used [0x00000000edf00000,0x00000000edf00000,0x00000000ef080000)
 ParOldGen       total 116224K, used 21366K [0x00000000a0000000, 0x00000000a7180000, 0x00000000e0000000)
  object space 116224K, 18% used [0x00000000a0000000,0x00000000a14dd960,0x00000000a7180000)
 Metaspace       used 46526K, capacity 47454K, committed 47616K, reserved 1089536K
  class space    used 6308K, capacity 6592K, committed 6656K, reserved 1048576K
}
Event: 72.868 GC heap before
{Heap before GC invocations=9 (full 2):
 PSYoungGen      total 242176K, used 242152K [0x00000000e0000000, 0x00000000f5080000, 0x0000000100000000)
  eden space 228352K, 100% used [0x00000000e0000000,0x00000000edf00000,0x00000000edf00000)
  from space 13824K, 99% used [0x00000000ef080000,0x00000000efdfa1c8,0x00000000efe00000)
  to   space 17920K, 0% used [0x00000000edf00000,0x00000000edf00000,0x00000000ef080000)
 ParOldGen       total 116224K, used 21366K [0x00000000a0000000, 0x00000000a7180000, 0x00000000e0000000)
  object space 116224K, 18% used [0x00000000a0000000,0x00000000a14dd960,0x00000000a7180000)
 Metaspace       used 53147K, capacity 54720K, committed 55040K, reserved 1097728K
  class space    used 7246K, capacity 7591K, committed 7680K, reserved 1048576K
Event: 72.909 GC heap after
Heap after GC invocations=9 (full 2):
 PSYoungGen      total 246272K, used 17908K [0x00000000e0000000, 0x00000000f8300000, 0x0000000100000000)
  eden space 228352K, 0% used [0x00000000e0000000,0x00000000e0000000,0x00000000edf00000)
  from space 17920K, 99% used [0x00000000edf00000,0x00000000ef07d110,0x00000000ef080000)
  to   space 24064K, 0% used [0x00000000f6b80000,0x00000000f6b80000,0x00000000f8300000)
 ParOldGen       total 116224K, used 27907K [0x00000000a0000000, 0x00000000a7180000, 0x00000000e0000000)
  object space 116224K, 24% used [0x00000000a0000000,0x00000000a1b40d98,0x00000000a7180000)
 Metaspace       used 53147K, capacity 54720K, committed 55040K, reserved 1097728K
  class space    used 7246K, capacity 7591K, committed 7680K, reserved 1048576K
}
Event: 100.373 GC heap before
{Heap before GC invocations=10 (full 2):
 PSYoungGen      total 246272K, used 88669K [0x00000000e0000000, 0x00000000f8300000, 0x0000000100000000)
  eden space 228352K, 30% used [0x00000000e0000000,0x00000000e451a350,0x00000000edf00000)
  from space 17920K, 99% used [0x00000000edf00000,0x00000000ef07d110,0x00000000ef080000)
  to   space 24064K, 0% used [0x00000000f6b80000,0x00000000f6b80000,0x00000000f8300000)
 ParOldGen       total 116224K, used 27907K [0x00000000a0000000, 0x00000000a7180000, 0x00000000e0000000)
  object space 116224K, 24% used [0x00000000a0000000,0x00000000a1b40d98,0x00000000a7180000)
 Metaspace       used 57289K, capacity 58898K, committed 59028K, reserved 1099776K
  class space    used 7797K, capacity 8162K, committed 8192K, reserved 1048576K
Event: 100.402 GC heap after
Heap after GC invocations=10 (full 2):
 PSYoungGen      total 355840K, used 21487K [0x00000000e0000000, 0x00000000f8080000, 0x0000000100000000)
  eden space 334336K, 0% used [0x00000000e0000000,0x00000000e0000000,0x00000000f4680000)
  from space 21504K, 99% used [0x00000000f6b80000,0x00000000f807bc18,0x00000000f8080000)
  to   space 26624K, 0% used [0x00000000f4c80000,0x00000000f4c80000,0x00000000f6680000)
 ParOldGen       total 116224K, used 27915K [0x00000000a0000000, 0x00000000a7180000, 0x00000000e0000000)
  object space 116224K, 24% used [0x00000000a0000000,0x00000000a1b42d98,0x00000000a7180000)
 Metaspace       used 57289K, capacity 58898K, committed 59028K, reserved 1099776K
  class space    used 7797K, capacity 8162K, committed 8192K, reserved 1048576K
}
Event: 100.402 GC heap before
{Heap before GC invocations=11 (full 3):
 PSYoungGen      total 355840K, used 21487K [0x00000000e0000000, 0x00000000f8080000, 0x0000000100000000)
  eden space 334336K, 0% used [0x00000000e0000000,0x00000000e0000000,0x00000000f4680000)
  from space 21504K, 99% used [0x00000000f6b80000,0x00000000f807bc18,0x00000000f8080000)
  to   space 26624K, 0% used [0x00000000f4c80000,0x00000000f4c80000,0x00000000f6680000)
 ParOldGen       total 116224K, used 27915K [0x00000000a0000000, 0x00000000a7180000, 0x00000000e0000000)
  object space 116224K, 24% used [0x00000000a0000000,0x00000000a1b42d98,0x00000000a7180000)
 Metaspace       used 57289K, capacity 58898K, committed 59028K, reserved 1099776K
  class space    used 7797K, capacity 8162K, committed 8192K, reserved 1048576K
Event: 100.617 GC heap after
Heap after GC invocations=11 (full 3):
 PSYoungGen      total 355840K, used 0K [0x00000000e0000000, 0x00000000f8080000, 0x0000000100000000)
  eden space 334336K, 0% used [0x00000000e0000000,0x00000000e0000000,0x00000000f4680000)
  from space 21504K, 0% used [0x00000000f6b80000,0x00000000f6b80000,0x00000000f8080000)
  to   space 26624K, 0% used [0x00000000f4c80000,0x00000000f4c80000,0x00000000f6680000)
 ParOldGen       total 164352K, used 34825K [0x00000000a0000000, 0x00000000aa080000, 0x00000000e0000000)
  object space 164352K, 21% used [0x00000000a0000000,0x00000000a2202428,0x00000000aa080000)
 Metaspace       used 57289K, capacity 58898K, committed 59028K, reserved 1099776K
  class space    used 7797K, capacity 8162K, committed 8192K, reserved 1048576K
}

